This is e-upTeX, Version 3.141592653-p4.1.1-u1.30-230214-2.6 (utf8.uptex) (TeX Live 2024) (preloaded format=uplatex 2024.10.3)  29 JAN 2025 11:25
entering extended mode
 restricted \write18 enabled.
 %&-line parsing enabled.
**c:/thesis/tex_thesis_template_modified_Kodono/main
(c:/thesis/tex_thesis_template_modified_Kodono/main.tex
pLaTeX2e <2023-02-14u04>+1, based on
LaTeX2e <2023-11-01> patch level 1
L3 programming layer <2024-02-20>
(c:/texlive/2024/texmf-dist/tex/uplatex/base/ujarticle.cls
Document Class: ujarticle 2020/09/30 v1.8f-u00 Standard upLaTeX class
\c@@paper=\count187
(c:/texlive/2024/texmf-dist/tex/uplatex/base/ujsize11.clo
File: ujsize11.clo 2020/09/30 v1.8f-u00 Standard upLaTeX file (size option)
LaTeX Font Info:    Font shape `JT2/mc/m/n' will be
(Font)              scaled to size 10.53629pt on input line 28.
LaTeX Font Info:    Font shape `JY2/mc/m/n' will be
(Font)              scaled to size 10.53629pt on input line 28.
)
\c@part=\count188
\c@section=\count189
\c@subsection=\count190
\c@subsubsection=\count191
\c@paragraph=\count192
\c@subparagraph=\count193
\c@figure=\count194
\c@table=\count195
\abovecaptionskip=\skip48
\belowcaptionskip=\skip49
\symmincho=\mathgroup4
LaTeX Font Info:    Overwriting symbol font `mincho' in version `bold'
(Font)                  JY2/mc/m/n --> JY2/gt/m/n on input line 616.
\toclineskip=\dimen156
\@lnumwidth=\dimen157
\bibindent=\dimen158
\heisei=\count196
) (c:/texlive/2024/texmf-dist/tex/latex/amsmath/amsmath.sty
Package: amsmath 2023/05/13 v2.17o AMS math features
\@mathmargin=\skip50

For additional information on amsmath, use the `?' option.
(c:/texlive/2024/texmf-dist/tex/latex/amsmath/amstext.sty
Package: amstext 2021/08/26 v2.01 AMS text
 (c:/texlive/2024/texmf-dist/tex/latex/amsmath/amsgen.sty
File: amsgen.sty 1999/11/30 v2.0 generic functions
\@emptytoks=\toks18
\ex@=\dimen159
)) (c:/texlive/2024/texmf-dist/tex/latex/amsmath/amsbsy.sty
Package: amsbsy 1999/11/29 v1.2d Bold Symbols
\pmbraise@=\dimen160
) (c:/texlive/2024/texmf-dist/tex/latex/amsmath/amsopn.sty
Package: amsopn 2022/04/08 v2.04 operator names
)
\inf@bad=\count197
LaTeX Info: Redefining \frac on input line 234.
\uproot@=\count198
\leftroot@=\count199
LaTeX Info: Redefining \overline on input line 399.
LaTeX Info: Redefining \colon on input line 410.
\classnum@=\count266
\DOTSCASE@=\count267
LaTeX Info: Redefining \ldots on input line 496.
LaTeX Info: Redefining \dots on input line 499.
LaTeX Info: Redefining \cdots on input line 620.
\Mathstrutbox@=\box68
\strutbox@=\box69
LaTeX Info: Redefining \big on input line 722.
LaTeX Info: Redefining \Big on input line 723.
LaTeX Info: Redefining \bigg on input line 724.
LaTeX Info: Redefining \Bigg on input line 725.
\big@size=\dimen161
LaTeX Font Info:    Redeclaring font encoding OML on input line 743.
LaTeX Font Info:    Redeclaring font encoding OMS on input line 744.
\macc@depth=\count268
LaTeX Info: Redefining \bmod on input line 905.
LaTeX Info: Redefining \pmod on input line 910.
LaTeX Info: Redefining \smash on input line 940.
LaTeX Info: Redefining \relbar on input line 970.
LaTeX Info: Redefining \Relbar on input line 971.
\c@MaxMatrixCols=\count269
\dotsspace@=\muskip16
\c@parentequation=\count270
\dspbrk@lvl=\count271
\tag@help=\toks19
\row@=\count272
\column@=\count273
\maxfields@=\count274
\andhelp@=\toks20
\eqnshift@=\dimen162
\alignsep@=\dimen163
\tagshift@=\dimen164
\tagwidth@=\dimen165
\totwidth@=\dimen166
\lineht@=\dimen167
\@envbody=\toks21
\multlinegap=\skip51
\multlinetaggap=\skip52
\mathdisplay@stack=\toks22
LaTeX Info: Redefining \[ on input line 2953.
LaTeX Info: Redefining \] on input line 2954.
) (c:/texlive/2024/texmf-dist/tex/latex/amsfonts/amssymb.sty
Package: amssymb 2013/01/14 v3.01 AMS font symbols
 (c:/texlive/2024/texmf-dist/tex/latex/amsfonts/amsfonts.sty
Package: amsfonts 2013/01/14 v3.01 Basic AMSFonts support
\symAMSa=\mathgroup5
\symAMSb=\mathgroup6
LaTeX Font Info:    Redeclaring math symbol \hbar on input line 98.
LaTeX Font Info:    Overwriting math alphabet `\mathfrak' in version `bold'
(Font)                  U/euf/m/n --> U/euf/b/n on input line 106.
)) (./thesis.sty (c:/texlive/2024/texmf-dist/tex/latex/cite/cite.sty
LaTeX Info: Redefining \cite on input line 302.
LaTeX Info: Redefining \nocite on input line 332.


LaTeX Warning: You have requested package `thesis',
               but the package provides `cite'.

Package: cite 2015/02/27  v 5.5
)
LaTeX Info: Redefining \sffamily on input line 205.
LaTeX Info: Redefining \ttfamily on input line 208.
\c@theorem=\count275
\c@definition=\count276
\c@lemma=\count277
) (c:/texlive/2024/texmf-dist/tex/latex/graphics/graphicx.sty
Package: graphicx 2021/09/16 v1.2d Enhanced LaTeX Graphics (DPC,SPQR)
 (c:/texlive/2024/texmf-dist/tex/latex/graphics/keyval.sty
Package: keyval 2022/05/29 v1.15 key=value parser (DPC)
\KV@toks@=\toks23
) (c:/texlive/2024/texmf-dist/tex/latex/graphics/graphics.sty
Package: graphics 2022/03/10 v1.4e Standard LaTeX Graphics (DPC,SPQR)
 (c:/texlive/2024/texmf-dist/tex/latex/graphics/trig.sty
Package: trig 2021/08/11 v1.11 sin cos tan (DPC)
) (c:/texlive/2024/texmf-dist/tex/latex/graphics-cfg/graphics.cfg
File: graphics.cfg 2016/06/04 v1.11 sample graphics configuration
)
Package graphics Info: Driver file: dvipdfmx.def on input line 107.
 (c:/texlive/2024/texmf-dist/tex/latex/graphics-def/dvipdfmx.def
File: dvipdfmx.def 2022/09/22 v5.0m Graphics/color driver for dvipdfmx
))
\Gin@req@height=\dimen168
\Gin@req@width=\dimen169
) (c:/texlive/2024/texmf-dist/tex/latex/graphics/color.sty
Package: color 2022/01/06 v1.3d Standard LaTeX Color (DPC)
 (c:/texlive/2024/texmf-dist/tex/latex/graphics-cfg/color.cfg
File: color.cfg 2016/01/02 v1.6 sample color configuration
)
Package color Info: Driver file: dvipdfmx.def on input line 149.
 (c:/texlive/2024/texmf-dist/tex/latex/graphics/dvipsnam.def
File: dvipsnam.def 2016/06/17 v3.0m Driver-dependent file (DPC,SPQR)
) (c:/texlive/2024/texmf-dist/tex/latex/graphics/mathcolor.ltx)) (c:/texlive/2024/texmf-dist/tex/latex/ascmac/ascmac.sty
Package: ascmac 2020/01/15 v2.1 ascmac wrapper (community edition) 
 (c:/texlive/2024/texmf-dist/tex/latex/ascmac/tascmac.sty
Package: tascmac 2020/01/15 v2.1 ascmac package (community edition) 
\@savetbaselineshift=\dimen170
\@saveybaselineshift=\dimen171
\scb@x=\box70
\scscb@x=\box71
\@bw=\dimen172
\@nbox=\box72
\@nbody=\box73
\@scw=\dimen173
\ascmac@hoboxa=\box74
\ascmac@hoboxb=\box75
\@itemh=\dimen174
\@iboxpos=\toks24
\@iboxstr=\box76
\@bwsp=\box77
\@@bwsp=\box78
\@bcal=\count278
\shaderule=\dimen175
)) (c:/texlive/2024/texmf-dist/tex/latex/tools/multicol.sty
Package: multicol 2023/03/30 v1.9f multicolumn formatting (FMi)
\c@tracingmulticols=\count279
\mult@box=\box79
\multicol@leftmargin=\dimen176
\c@unbalance=\count280
\c@collectmore=\count281
\doublecol@number=\count282
\multicoltolerance=\count283
\multicolpretolerance=\count284
\full@width=\dimen177
\page@free=\dimen178
\premulticols=\dimen179
\postmulticols=\dimen180
\multicolsep=\skip53
\multicolbaselineskip=\skip54
\partial@page=\box80
\last@line=\box81
\mc@boxedresult=\box82
\maxbalancingoverflow=\dimen181
\mult@rightbox=\box83
\mult@grightbox=\box84
\mult@firstbox=\box85
\mult@gfirstbox=\box86
\@tempa=\box87
\@tempa=\box88
\@tempa=\box89
\@tempa=\box90
\@tempa=\box91
\@tempa=\box92
\@tempa=\box93
\@tempa=\box94
\@tempa=\box95
\@tempa=\box96
\@tempa=\box97
\@tempa=\box98
\@tempa=\box99
\@tempa=\box100
\@tempa=\box101
\@tempa=\box102
\@tempa=\box103
\@tempa=\box104
\@tempa=\box105
\@tempa=\box106
\@tempa=\box107
\@tempa=\box108
\@tempa=\box109
\@tempa=\box110
\@tempa=\box111
\@tempa=\box112
\@tempa=\box113
\@tempa=\box114
\@tempa=\box115
\@tempa=\box116
\@tempa=\box117
\@tempa=\box118
\@tempa=\box119
\@tempa=\box120
\@tempa=\box121
\@tempa=\box122
\c@minrows=\count285
\c@columnbadness=\count286
\c@finalcolumnbadness=\count287
\last@try=\dimen182
\multicolovershoot=\dimen183
\multicolundershoot=\dimen184
\mult@nat@firstbox=\box123
\colbreak@box=\box124
\mc@col@check@num=\count288
) (c:/texlive/2024/texmf-dist/tex/latex/caption/subcaption.sty
Package: subcaption 2023/07/28 v1.6b Sub-captions (AR)
 (c:/texlive/2024/texmf-dist/tex/latex/caption/caption.sty
Package: caption 2023/08/05 v3.6o Customizing captions (AR)
 (c:/texlive/2024/texmf-dist/tex/latex/caption/caption3.sty
Package: caption3 2023/07/31 v2.4d caption3 kernel (AR)
\caption@tempdima=\dimen185
\captionmargin=\dimen186
\caption@leftmargin=\dimen187
\caption@rightmargin=\dimen188
\caption@width=\dimen189
\caption@indent=\dimen190
\caption@parindent=\dimen191
\caption@hangindent=\dimen192
Package caption Info: Unknown document class (or package),
(caption)             standard defaults will be used.
Package caption Info: \@makecaption = \long macro:#1#2-> \vskip 0pt \setbox \@tempboxa \hbox {#1 #2} \ifdim \wd \@tempboxa >\hsize \begin {list}{}{\labelwidth 0pt \leftmargin 1.75cm \itemindent -0.75cm \rightmargin 0.25cm} \item [\normalsize #1] \normalsize #2 \end {list} \else \hbox to\hsize {\hfil \box \@tempboxa \hfil } \vskip 4pt \fi  on input line 1175.
)

Package caption Warning: Unknown document class (or package),
(caption)                standard defaults will be used.
See the caption package documentation for explanation.

\c@caption@flags=\count289
\c@continuedfloat=\count290
)
Package caption Info: New subtype `subfigure' on input line 238.
\c@subfigure=\count291
Package caption Info: New subtype `subtable' on input line 238.
\c@subtable=\count292
) (c:/texlive/2024/texmf-dist/tex/latex/float/float.sty
Package: float 2001/11/08 v1.3d Float enhancements (AL)
\c@float@type=\count293
\float@exts=\toks25
\float@box=\box125
\@float@everytoks=\toks26
\@floatcapt=\box126
) (./indent.sty) (c:/texlive/2024/texmf-dist/tex/latex/url/url.sty
\Urlmuskip=\muskip17
Package: url 2013/09/16  ver 3.4  Verb mode for urls, etc.
) (c:/texlive/2024/texmf-dist/tex/latex/framed/framed.sty
Package: framed 2011/10/22 v 0.96: framed or shaded text with page breaks
\OuterFrameSep=\skip55
\fb@frw=\dimen193
\fb@frh=\dimen194
\FrameRule=\dimen195
\FrameSep=\dimen196
) (c:/texlive/2024/texmf-dist/tex/latex/listings/listings.sty
\lst@mode=\count294
\lst@gtempboxa=\box127
\lst@token=\toks27
\lst@length=\count295
\lst@currlwidth=\dimen197
\lst@column=\count296
\lst@pos=\count297
\lst@lostspace=\dimen198
\lst@width=\dimen199
\lst@newlines=\count298
\lst@lineno=\count299
\lst@maxwidth=\dimen256
 (c:/texlive/2024/texmf-dist/tex/latex/listings/lstpatch.sty
File: lstpatch.sty 2024/02/21 1.10 (Carsten Heinz)
) (c:/texlive/2024/texmf-dist/tex/latex/listings/lstmisc.sty
File: lstmisc.sty 2024/02/21 1.10 (Carsten Heinz)
\c@lstnumber=\count300
\lst@skipnumbers=\count301
\lst@framebox=\box128
) (c:/texlive/2024/texmf-dist/tex/latex/listings/listings.cfg
File: listings.cfg 2024/02/21 1.10 listings configuration
))
Package: listings 2024/02/21 1.10 (Carsten Heinz)
 (./jlisting.sty
Package: jlisting 2006/02/20 0.2 (Thor)
\lst@nextchar=\count302
\lst@inputfile=\read2
) (./mylistings.sty) (c:/texlive/2024/texmf-dist/tex/latex/l3backend/l3backend-dvips.def
File: l3backend-dvips.def 2024-02-20 L3 backend support: dvips
\l__pdf_internal_box=\box129
\g__pdf_backend_object_int=\count303
\l__pdf_backend_content_box=\box130
\l__pdf_backend_model_box=\box131
\g__pdf_backend_annotation_int=\count304
\g__pdf_backend_link_int=\count305
\g__pdf_backend_link_sf_int=\count306
) (./main.aux)
\openout1 = `main.aux'.

LaTeX Font Info:    Checking defaults for OML/cmm/m/it on input line 54.
LaTeX Font Info:    ... okay on input line 54.
LaTeX Font Info:    Checking defaults for OMS/cmsy/m/n on input line 54.
LaTeX Font Info:    ... okay on input line 54.
LaTeX Font Info:    Checking defaults for OT1/cmr/m/n on input line 54.
LaTeX Font Info:    ... okay on input line 54.
LaTeX Font Info:    Checking defaults for T1/cmr/m/n on input line 54.
LaTeX Font Info:    ... okay on input line 54.
LaTeX Font Info:    Checking defaults for TS1/cmr/m/n on input line 54.
LaTeX Font Info:    ... okay on input line 54.
LaTeX Font Info:    Checking defaults for OMX/cmex/m/n on input line 54.
LaTeX Font Info:    ... okay on input line 54.
LaTeX Font Info:    Checking defaults for U/cmr/m/n on input line 54.
LaTeX Font Info:    ... okay on input line 54.
LaTeX Font Info:    Checking defaults for JY2/mc/m/n on input line 54.
LaTeX Font Info:    ... okay on input line 54.
LaTeX Font Info:    Checking defaults for JT2/mc/m/n on input line 54.
LaTeX Font Info:    ... okay on input line 54.
Package caption Info: Begin \AtBeginDocument code.
Package caption Info: float package is loaded.
Package caption Info: listings package is loaded.
Package caption Info: End \AtBeginDocument code.
\c@lstlisting=\count307
 (./cover.tex
LaTeX Font Info:    Font shape `JY2/mc/m/n' will be
(Font)              scaled to size 7.69775pt on input line 5.
LaTeX Font Info:    Font shape `JY2/mc/m/n' will be
(Font)              scaled to size 5.77332pt on input line 5.
LaTeX Font Info:    Trying to load font information for U+msa on input line 5.
 (c:/texlive/2024/texmf-dist/tex/latex/amsfonts/umsa.fd
File: umsa.fd 2013/01/14 v3.01 AMS symbols A
)
LaTeX Font Info:    Trying to load font information for U+msb on input line 5.
 (c:/texlive/2024/texmf-dist/tex/latex/amsfonts/umsb.fd
File: umsb.fd 2013/01/14 v3.01 AMS symbols B
)
LaTeX Font Info:    Font shape `JT2/mc/m/n' will be
(Font)              scaled to size 7.69775pt on input line 7.
LaTeX Font Info:    Font shape `JT2/mc/m/n' will be
(Font)              scaled to size 9.6222pt on input line 8.
LaTeX Font Info:    Font shape `JY2/mc/m/n' will be
(Font)              scaled to size 9.6222pt on input line 8.
LaTeX Font Info:    Font shape `JT2/mc/bx/n' in size <10> not available
(Font)              Font shape `JT2/gt/m/n' tried instead on input line 8.
LaTeX Font Info:    Font shape `JT2/gt/m/n' will be
(Font)              scaled to size 9.6222pt on input line 8.
LaTeX Font Info:    Font shape `JY2/mc/bx/n' in size <10> not available
(Font)              Font shape `JY2/gt/m/n' tried instead on input line 8.
LaTeX Font Info:    Font shape `JY2/gt/m/n' will be
(Font)              scaled to size 9.6222pt on input line 8.
LaTeX Font Info:    Font shape `JT2/mc/bx/n' in size <8> not available
(Font)              Font shape `JT2/gt/m/n' tried instead on input line 9.
LaTeX Font Info:    Font shape `JT2/gt/m/n' will be
(Font)              scaled to size 7.69775pt on input line 9.
LaTeX Font Info:    Font shape `JY2/mc/bx/n' in size <8> not available
(Font)              Font shape `JY2/gt/m/n' tried instead on input line 9.
LaTeX Font Info:    Font shape `JY2/gt/m/n' will be
(Font)              scaled to size 7.69775pt on input line 9.

Overfull \hbox (17.8739pt too wide) in paragraph at lines 5--13
[][][][] 
 []

[1


]
LaTeX Font Info:    Font shape `JT2/mc/m/n' will be
(Font)              scaled to size 19.24438pt on input line 17.
LaTeX Font Info:    Font shape `JY2/mc/m/n' will be
(Font)              scaled to size 19.24438pt on input line 17.


LaTeX Font Warning: Font shape `OT1/cmr/m/n' in size <20> not available
(Font)              size <20.74> substituted on input line 17.

LaTeX Font Info:    Font shape `JT2/mc/bx/n' in size <20> not available
(Font)              Font shape `JT2/gt/m/n' tried instead on input line 17.
LaTeX Font Info:    Font shape `JT2/gt/m/n' will be
(Font)              scaled to size 19.24438pt on input line 17.
LaTeX Font Info:    Font shape `JY2/mc/bx/n' in size <20> not available
(Font)              Font shape `JY2/gt/m/n' tried instead on input line 17.
LaTeX Font Info:    Font shape `JY2/gt/m/n' will be
(Font)              scaled to size 19.24438pt on input line 17.

LaTeX Font Warning: Font shape `OT1/cmr/bx/n' in size <20> not available
(Font)              size <20.74> substituted on input line 17.

LaTeX Font Info:    Font shape `JT2/mc/m/n' will be
(Font)              scaled to size 26.94214pt on input line 18.
LaTeX Font Info:    Font shape `JY2/mc/m/n' will be
(Font)              scaled to size 26.94214pt on input line 18.

LaTeX Font Warning: Font shape `OT1/cmr/m/n' in size <28> not available
(Font)              size <24.88> substituted on input line 18.

LaTeX Font Info:    Font shape `JT2/mc/bx/n' in size <28> not available
(Font)              Font shape `JT2/gt/m/n' tried instead on input line 18.
LaTeX Font Info:    Font shape `JT2/gt/m/n' will be
(Font)              scaled to size 26.94214pt on input line 18.
LaTeX Font Info:    Font shape `JY2/mc/bx/n' in size <28> not available
(Font)              Font shape `JY2/gt/m/n' tried instead on input line 18.
LaTeX Font Info:    Font shape `JY2/gt/m/n' will be
(Font)              scaled to size 26.94214pt on input line 18.

LaTeX Font Warning: Font shape `OT1/cmr/bx/n' in size <28> not available
(Font)              size <24.88> substituted on input line 18.

LaTeX Font Info:    Calculating math sizes for size <20> on input line 28.

LaTeX Font Warning: Font shape `OT1/cmr/m/n' in size <13.99994> not available
(Font)              size <14.4> substituted on input line 28.


LaTeX Font Warning: Font shape `OML/cmm/m/it' in size <20> not available
(Font)              size <20.74> substituted on input line 28.


LaTeX Font Warning: Font shape `OML/cmm/m/it' in size <13.99994> not available
(Font)              size <14.4> substituted on input line 28.


LaTeX Font Warning: Font shape `OMS/cmsy/m/n' in size <20> not available
(Font)              size <20.74> substituted on input line 28.


LaTeX Font Warning: Font shape `OMS/cmsy/m/n' in size <13.99994> not available
(Font)              size <14.4> substituted on input line 28.

LaTeX Font Info:    Font shape `JY2/mc/m/n' will be
(Font)              scaled to size 13.47101pt on input line 28.
LaTeX Font Info:    Font shape `JT2/mc/m/n' will be
(Font)              scaled to size 15.39551pt on input line 39.
LaTeX Font Info:    Font shape `JY2/mc/m/n' will be
(Font)              scaled to size 15.39551pt on input line 39.

LaTeX Font Warning: Font shape `OT1/cmr/m/n' in size <16> not available
(Font)              size <17.28> substituted on input line 39.

LaTeX Font Info:    Calculating math sizes for size <16> on input line 42.

LaTeX Font Warning: Font shape `OML/cmm/m/it' in size <16> not available
(Font)              size <17.28> substituted on input line 42.


LaTeX Font Warning: Font shape `OMS/cmsy/m/n' in size <16> not available
(Font)              size <17.28> substituted on input line 42.

LaTeX Font Info:    Font shape `JY2/mc/m/n' will be
(Font)              scaled to size 10.7768pt on input line 42.
LaTeX Font Info:    Font shape `JT2/mc/bx/n' in size <16> not available
(Font)              Font shape `JT2/gt/m/n' tried instead on input line 44.
LaTeX Font Info:    Font shape `JT2/gt/m/n' will be
(Font)              scaled to size 15.39551pt on input line 44.
LaTeX Font Info:    Font shape `JY2/mc/bx/n' in size <16> not available
(Font)              Font shape `JY2/gt/m/n' tried instead on input line 44.
LaTeX Font Info:    Font shape `JY2/gt/m/n' will be
(Font)              scaled to size 15.39551pt on input line 44.

LaTeX Font Warning: Font shape `OT1/cmr/bx/n' in size <16> not available
(Font)              size <17.28> substituted on input line 44.

File: figure/logo_maizuru_gray.pdf Graphic file (type pdf)
<figure/logo_maizuru_gray.pdf>
LaTeX Font Info:    Font shape `JT2/mc/m/n' will be
(Font)              scaled to size 21.16882pt on input line 79.
LaTeX Font Info:    Font shape `JY2/mc/m/n' will be
(Font)              scaled to size 21.16882pt on input line 79.

LaTeX Font Warning: Font shape `OT1/cmr/m/n' in size <22> not available
(Font)              size <20.74> substituted on input line 79.

LaTeX Font Info:    Font shape `JT2/mc/bx/n' in size <22> not available
(Font)              Font shape `JT2/gt/m/n' tried instead on input line 79.
LaTeX Font Info:    Font shape `JT2/gt/m/n' will be
(Font)              scaled to size 21.16882pt on input line 79.
LaTeX Font Info:    Font shape `JY2/mc/bx/n' in size <22> not available
(Font)              Font shape `JY2/gt/m/n' tried instead on input line 79.
LaTeX Font Info:    Font shape `JY2/gt/m/n' will be
(Font)              scaled to size 21.16882pt on input line 79.

LaTeX Font Warning: Font shape `OT1/cmr/bx/n' in size <22> not available
(Font)              size <20.74> substituted on input line 79.

) [2] (./abstract.tex
LaTeX Font Info:    Font shape `JT2/mc/m/n' will be
(Font)              scaled to size 19.95642pt on input line 3.
LaTeX Font Info:    Font shape `JY2/mc/m/n' will be
(Font)              scaled to size 19.95642pt on input line 3.
LaTeX Font Info:    Font shape `JT2/mc/bx/n' in size <20.74> not available
(Font)              Font shape `JT2/gt/m/n' tried instead on input line 3.
LaTeX Font Info:    Font shape `JT2/gt/m/n' will be
(Font)              scaled to size 19.95642pt on input line 3.
LaTeX Font Info:    Font shape `JY2/mc/bx/n' in size <20.74> not available
(Font)              Font shape `JY2/gt/m/n' tried instead on input line 3.
LaTeX Font Info:    Font shape `JY2/gt/m/n' will be
(Font)              scaled to size 19.95642pt on input line 3.
) [3] (./main.toc [1])
\tf@toc=\write3
\openout3 = `main.toc'.

 [2] (./序論.tex
LaTeX Font Info:    Font shape `JT2/mc/m/n' will be
(Font)              scaled to size 13.85594pt on input line 5.
LaTeX Font Info:    Font shape `JY2/mc/m/n' will be
(Font)              scaled to size 13.85594pt on input line 5.
LaTeX Font Info:    Font shape `JT2/mc/bx/n' in size <14.4> not available
(Font)              Font shape `JT2/gt/m/n' tried instead on input line 5.
LaTeX Font Info:    Font shape `JT2/gt/m/n' will be
(Font)              scaled to size 13.85594pt on input line 5.
LaTeX Font Info:    Font shape `JY2/mc/bx/n' in size <14.4> not available
(Font)              Font shape `JY2/gt/m/n' tried instead on input line 5.
LaTeX Font Info:    Font shape `JY2/gt/m/n' will be
(Font)              scaled to size 13.85594pt on input line 5.
File: ./figure/超小型.jpg Graphic file (type bmp)
<./figure/超小型.jpg>
LaTeX Font Info:    Font shape `JT2/mc/bx/n' in size <10.95> not available
(Font)              Font shape `JT2/gt/m/n' tried instead on input line 38.
LaTeX Font Info:    Font shape `JT2/gt/m/n' will be
(Font)              scaled to size 10.53629pt on input line 38.
LaTeX Font Info:    Font shape `JY2/mc/bx/n' in size <10.95> not available
(Font)              Font shape `JY2/gt/m/n' tried instead on input line 38.
LaTeX Font Info:    Font shape `JY2/gt/m/n' will be
(Font)              scaled to size 10.53629pt on input line 38.
File: ./figure/中型.jpg Graphic file (type bmp)
<./figure/中型.jpg>
File: ./figure/大型.jpg Graphic file (type bmp)
<./figure/大型.jpg>
 [1] [2]
File: ./figure/序論図-crop.pdf Graphic file (type pdf)
<./figure/序論図-crop.pdf>
) [3] (./制御理論.tex
LaTeX Font Info:    Font shape `JY2/gt/m/n' will be
(Font)              scaled to size 5.77332pt on input line 13.
 [4]
File: ./figure/B-dot1-crop.pdf Graphic file (type pdf)
<./figure/B-dot1-crop.pdf>
 [5] [6] [7]) [8] (./実験システム.tex
File: ./figure/実験装置.jpg Graphic file (type bmp)
<./figure/実験装置.jpg>
File: ./figure/実験システム.pdf Graphic file (type pdf)
<./figure/実験システム.pdf>
LaTeX Font Info:    Font shape `JT2/mc/m/n' will be
(Font)              scaled to size 5.77332pt on input line 34.
 [9]
File: ./figure/block-crop.pdf Graphic file (type pdf)
<./figure/block-crop.pdf>
File: ./figure/system-crop.pdf Graphic file (type pdf)
<./figure/system-crop.pdf>
LaTeX Font Info:    Font shape `JT2/mc/m/n' will be
(Font)              scaled to size 11.54663pt on input line 58.
LaTeX Font Info:    Font shape `JY2/mc/m/n' will be
(Font)              scaled to size 11.54663pt on input line 58.
LaTeX Font Info:    Font shape `JT2/mc/bx/n' in size <12> not available
(Font)              Font shape `JT2/gt/m/n' tried instead on input line 58.
LaTeX Font Info:    Font shape `JT2/gt/m/n' will be
(Font)              scaled to size 11.54663pt on input line 58.
LaTeX Font Info:    Font shape `JY2/mc/bx/n' in size <12> not available
(Font)              Font shape `JY2/gt/m/n' tried instead on input line 58.
LaTeX Font Info:    Font shape `JY2/gt/m/n' will be
(Font)              scaled to size 11.54663pt on input line 58.
 [10]
File: ./figure/回路図1.png Graphic file (type bmp)
<./figure/回路図1.png>
 [11]
File: ./figure/scope_5.png Graphic file (type bmp)
<./figure/scope_5.png>
File: ./figure/駆動回路.png Graphic file (type bmp)
<./figure/駆動回路.png>

Underfull \vbox (badness 10000) has occurred while \output is active []

 [12]
File: ./figure/scope_11.png Graphic file (type bmp)
<./figure/scope_11.png>
 [13]
File: ./figure/touka.png Graphic file (type bmp)
<./figure/touka.png>
File: ./figure/50current.png Graphic file (type bmp)
<./figure/50current.png>

Underfull \vbox (badness 6592) has occurred while \output is active []

 [14]
File: ./figure/figure.png Graphic file (type bmp)
<./figure/figure.png>
) [15] (./実験および結果.tex
File: ./figure/90deg-crop.pdf Graphic file (type pdf)
<./figure/90deg-crop.pdf>
File: ./figure/0deg-crop.pdf Graphic file (type pdf)
<./figure/0deg-crop.pdf>
File: ./figure/duty50deg.png Graphic file (type bmp)
<./figure/duty50deg.png>
File: ./figure/duty50degpers.png Graphic file (type bmp)
<./figure/duty50degpers.png>


LaTeX Warning: `h' float specifier changed to `ht'.

File: ./figure/duty100deg.png Graphic file (type bmp)
<./figure/duty100deg.png>
File: ./figure/duty100degpers.png Graphic file (type bmp)
<./figure/duty100degpers.png>

LaTeX Warning: `h' float specifier changed to `ht'.

[16]
File: ./figure/Pdeg.png Graphic file (type bmp)
<./figure/Pdeg.png>
File: ./figure/Pdegpers.png Graphic file (type bmp)
<./figure/Pdegpers.png>


LaTeX Warning: `h' float specifier changed to `ht'.


Underfull \vbox (badness 10000) has occurred while \output is active []

 [17]
File: ./figure/PDdeg.png Graphic file (type bmp)
<./figure/PDdeg.png>
File: ./figure/PDdegpers.png Graphic file (type bmp)
<./figure/PDdegpers.png>
 [18]
File: ./figure/kb5deg.png Graphic file (type bmp)
<./figure/kb5deg.png>
File: ./figure/kb5degpers.png Graphic file (type bmp)
<./figure/kb5degpers.png>
File: ./figure/crossdeg.png Graphic file (type bmp)
<./figure/crossdeg.png>
File: ./figure/crossdegpers.png Graphic file (type bmp)
<./figure/crossdegpers.png>
 [19] [20] [21]) [22] (./bibliography.tex) [23] (./acknowledgment.tex) [24] (./appendix.tex (./appendix.sty)
File: ./figure/step1.png Graphic file (type bmp)
<./figure/step1.png>
File: ./figure/step2.png Graphic file (type bmp)
<./figure/step2.png>
File: ./figure/step3.png Graphic file (type bmp)
<./figure/step3.png>
 [25]
File: ./figure/設定1.png Graphic file (type bmp)
<./figure/設定1.png>
File: ./figure/設定2.png Graphic file (type bmp)
<./figure/設定2.png>

Underfull \vbox (badness 10000) has occurred while \output is active []

 [26]
File: ./figure/設定3.png Graphic file (type bmp)
<./figure/設定3.png>
File: ./figure/設定4.png Graphic file (type bmp)
<./figure/設定4.png>

Underfull \vbox (badness 10000) has occurred while \output is active []

 [27] [28] [29]
Underfull \vbox (badness 10000) has occurred while \output is active []

 [30]
Underfull \vbox (badness 10000) has occurred while \output is active []

 [31]) [32] (./main.aux)
 ***********
pLaTeX2e <2023-02-14u04>+1, based on
LaTeX2e <2023-11-01> patch level 1
L3 programming layer <2024-02-20>
 ***********


LaTeX Font Warning: Size substitutions with differences
(Font)              up to 3.12pt have occurred.

 ) 
Here is how much of TeX's memory you used:
 6611 strings out of 474774
 104353 string characters out of 5762047
 2142035 words of memory out of 5000000
 28835 multiletter control sequences out of 15000+600000
 582431 words of font info for 153 fonts, out of 8000000 for 9000
 929 hyphenation exceptions out of 8191
 67i,16n,77p,431b,1727s stack positions out of 10000i,1000n,20000p,200000b,200000s

Output written on main.dvi (37 pages, 179384 bytes).
